<?xml version="1.0" encoding="UTF-8"?>
<!-- Generated by org.testng.reporters.JUnitReportReporter -->
<testsuite skipped="1" hostname="Amruu-PC" name="webShopTestCases.TestCase02" tests="1" failures="0" timestamp="2021-08-18T18:51:44 IST" time="0.000" errors="0">
  <testcase name="webshopDDT" time="0.000" classname="webShopTestCases.TestCase02">
    <skipped/>
  </testcase> <!-- webshopDDT -->
  <system-out/>
</testsuite> <!-- webShopTestCases.TestCase02 -->
