<?xml version="1.0" encoding="UTF-8"?>
<!-- Generated by org.testng.reporters.JUnitReportReporter -->
<testsuite skipped="0" hostname="Amruu-PC" name="webShopTestCases.WebShopTestCase1" tests="1" failures="0" timestamp="2021-08-19T12:48:26 IST" time="43.608" errors="0">
  <testcase name="WebShopTest" time="43.608" classname="webShopTestCases.WebShopTestCase1"/>
  <system-out/>
</testsuite> <!-- webShopTestCases.WebShopTestCase1 -->
